<?xml version="1.0" encoding="utf-8"?><testsuites name="pytest tests"><testsuite name="pytest" errors="0" failures="1" skipped="0" tests="31" time="10.597" timestamp="2026-03-06T19:50:43.053062+00:00" hostname="agent-env-5cf979b1-2381-465f-be51-36958d45896a"><testcase classname="test_api.TestRootAndAuth" name="test_root_endpoint_returns_200" time="0.228" /><testcase classname="test_api.TestRootAndAuth" name="test_protected_route_returns_401_without_auth" time="0.117" /><testcase classname="test_api.TestRootAndAuth" name="test_projects_returns_401_without_auth" time="0.134" /><testcase classname="test_api.TestRootAndAuth" name="test_auth_me_returns_user_with_valid_token" time="0.118" /><testcase classname="test_api.TestRootAndAuth" name="test_auth_me_returns_401_with_invalid_token" time="0.110" /><testcase classname="test_api.TestProjectsCRUD" name="test_get_projects_authenticated" time="0.118" /><testcase classname="test_api.TestProjectsCRUD" name="test_create_project" time="0.117" /><testcase classname="test_api.TestProjectsCRUD" name="test_get_project_by_id" time="0.277" /><testcase classname="test_api.TestProjectsCRUD" name="test_delete_project" time="0.413" /><testcase classname="test_api.TestProjectsCRUD" name="test_cleanup_created_projects" time="0.244" /><testcase classname="test_api.TestTasksCRUD" name="test_create_task" time="0.493" /><testcase classname="test_api.TestTasksCRUD" name="test_get_tasks_by_project" time="0.647" /><testcase classname="test_api.TestTasksCRUD" name="test_update_task_status" time="0.624" /><testcase classname="test_api.TestTasksCRUD" name="test_delete_task" time="0.511" /><testcase classname="test_api.TestMilestonesCRUD" name="test_create_milestone" time="0.384" /><testcase classname="test_api.TestMilestonesCRUD" name="test_update_milestone" time="0.483" /><testcase classname="test_api.TestMilestonesCRUD" name="test_delete_milestone" time="0.607" /><testcase classname="test_api.TestStoriesCRUD" name="test_create_story_with_acceptance_criteria" time="0.332" /><testcase classname="test_api.TestStoriesCRUD" name="test_update_story" time="0.494" /><testcase classname="test_api.TestStoriesCRUD" name="test_delete_story" time="0.619"><failure message="assert 405 == 404&#10; +  where 405 = &lt;Response [405]&gt;.status_code">test_api.py:309: in test_delete_story
    assert r.status_code == 404
E   assert 405 == 404
E    +  where 405 = &lt;Response [405]&gt;.status_code</failure></testcase><testcase classname="test_api.TestRisksCRUD" name="test_create_risk" time="0.444" /><testcase classname="test_api.TestRisksCRUD" name="test_update_risk" time="0.476" /><testcase classname="test_api.TestRisksCRUD" name="test_delete_risk" time="0.502" /><testcase classname="test_api.TestRisksCRUD" name="test_get_risks_by_project" time="0.479" /><testcase classname="test_api.TestProjectUpdate" name="test_update_project_status" time="0.383" /><testcase classname="test_api.TestProjectUpdate" name="test_update_project_name" time="0.366" /><testcase classname="test_api.TestSeedAndDashboard" name="test_dashboard_stats_authenticated" time="0.223" /><testcase classname="test_api.TestSeedAndDashboard" name="test_seed_demo_data" time="0.180" /><testcase classname="test_api.TestSeedAndDashboard" name="test_resources_list" time="0.138" /><testcase classname="test_api.TestSeedAndDashboard" name="test_milestones_list" time="0.128" /><testcase classname="test_api.TestSeedAndDashboard" name="test_stories_list" time="0.113" /></testsuite></testsuites>