<?xml version="1.0" encoding="utf-8"?><testsuites name="pytest tests"><testsuite name="pytest" errors="0" failures="0" skipped="0" tests="19" time="4.717" timestamp="2026-03-06T18:58:46.662632+00:00" hostname="agent-env-5cf979b1-2381-465f-be51-36958d45896a"><testcase classname="backend.tests.test_api.TestRootAndAuth" name="test_root_endpoint_returns_200" time="0.205" /><testcase classname="backend.tests.test_api.TestRootAndAuth" name="test_protected_route_returns_401_without_auth" time="0.122" /><testcase classname="backend.tests.test_api.TestRootAndAuth" name="test_projects_returns_401_without_auth" time="0.123" /><testcase classname="backend.tests.test_api.TestRootAndAuth" name="test_auth_me_returns_user_with_valid_token" time="0.197" /><testcase classname="backend.tests.test_api.TestRootAndAuth" name="test_auth_me_returns_401_with_invalid_token" time="0.132" /><testcase classname="backend.tests.test_api.TestProjectsCRUD" name="test_get_projects_authenticated" time="0.131" /><testcase classname="backend.tests.test_api.TestProjectsCRUD" name="test_create_project" time="0.124" /><testcase classname="backend.tests.test_api.TestProjectsCRUD" name="test_get_project_by_id" time="0.251" /><testcase classname="backend.tests.test_api.TestProjectsCRUD" name="test_delete_project" time="0.380" /><testcase classname="backend.tests.test_api.TestProjectsCRUD" name="test_cleanup_created_projects" time="0.246" /><testcase classname="backend.tests.test_api.TestTasksCRUD" name="test_create_task" time="0.479" /><testcase classname="backend.tests.test_api.TestTasksCRUD" name="test_get_tasks_by_project" time="0.646" /><testcase classname="backend.tests.test_api.TestTasksCRUD" name="test_update_task_status" time="0.562" /><testcase classname="backend.tests.test_api.TestTasksCRUD" name="test_delete_task" time="0.456" /><testcase classname="backend.tests.test_api.TestSeedAndDashboard" name="test_dashboard_stats_authenticated" time="0.106" /><testcase classname="backend.tests.test_api.TestSeedAndDashboard" name="test_seed_demo_data" time="0.145" /><testcase classname="backend.tests.test_api.TestSeedAndDashboard" name="test_resources_list" time="0.104" /><testcase classname="backend.tests.test_api.TestSeedAndDashboard" name="test_milestones_list" time="0.141" /><testcase classname="backend.tests.test_api.TestSeedAndDashboard" name="test_stories_list" time="0.121" /></testsuite></testsuites>