<?xml version="1.0" encoding="utf-8"?><testsuites name="pytest tests"><testsuite name="pytest" errors="0" failures="0" skipped="0" tests="39" time="94.191" timestamp="2026-03-06T20:09:56.838117+00:00" hostname="agent-env-057e34f8-ff9d-464c-b981-7438c54fcea2"><testcase classname="backend.tests.test_api.TestRootAndAuth" name="test_root_endpoint_returns_200" time="36.141" /><testcase classname="backend.tests.test_api.TestRootAndAuth" name="test_protected_route_returns_401_without_auth" time="0.178" /><testcase classname="backend.tests.test_api.TestRootAndAuth" name="test_projects_returns_401_without_auth" time="0.124" /><testcase classname="backend.tests.test_api.TestRootAndAuth" name="test_auth_me_returns_user_with_valid_token" time="0.131" /><testcase classname="backend.tests.test_api.TestRootAndAuth" name="test_auth_me_returns_401_with_invalid_token" time="0.157" /><testcase classname="backend.tests.test_api.TestProjectsCRUD" name="test_get_projects_authenticated" time="0.148" /><testcase classname="backend.tests.test_api.TestProjectsCRUD" name="test_create_project" time="0.140" /><testcase classname="backend.tests.test_api.TestProjectsCRUD" name="test_get_project_by_id" time="0.224" /><testcase classname="backend.tests.test_api.TestProjectsCRUD" name="test_delete_project" time="0.352" /><testcase classname="backend.tests.test_api.TestProjectsCRUD" name="test_cleanup_created_projects" time="0.239" /><testcase classname="backend.tests.test_api.TestTasksCRUD" name="test_create_task" time="0.463" /><testcase classname="backend.tests.test_api.TestTasksCRUD" name="test_get_tasks_by_project" time="8.897" /><testcase classname="backend.tests.test_api.TestTasksCRUD" name="test_update_task_status" time="0.617" /><testcase classname="backend.tests.test_api.TestTasksCRUD" name="test_delete_task" time="0.490" /><testcase classname="backend.tests.test_api.TestMilestonesCRUD" name="test_create_milestone" time="0.343" /><testcase classname="backend.tests.test_api.TestMilestonesCRUD" name="test_update_milestone" time="0.578" /><testcase classname="backend.tests.test_api.TestMilestonesCRUD" name="test_delete_milestone" time="0.638" /><testcase classname="backend.tests.test_api.TestStoriesCRUD" name="test_create_story_with_acceptance_criteria" time="0.344" /><testcase classname="backend.tests.test_api.TestStoriesCRUD" name="test_update_story" time="0.536" /><testcase classname="backend.tests.test_api.TestStoriesCRUD" name="test_delete_story" time="0.598" /><testcase classname="backend.tests.test_api.TestRisksCRUD" name="test_create_risk" time="0.375" /><testcase classname="backend.tests.test_api.TestRisksCRUD" name="test_update_risk" time="0.608" /><testcase classname="backend.tests.test_api.TestRisksCRUD" name="test_delete_risk" time="0.537" /><testcase classname="backend.tests.test_api.TestRisksCRUD" name="test_get_risks_by_project" time="0.459" /><testcase classname="backend.tests.test_api.TestProjectUpdate" name="test_update_project_status" time="0.356" /><testcase classname="backend.tests.test_api.TestProjectUpdate" name="test_update_project_name" time="0.356" /><testcase classname="backend.tests.test_api.TestSeedAndDashboard" name="test_dashboard_stats_authenticated" time="0.113" /><testcase classname="backend.tests.test_api.TestSeedAndDashboard" name="test_seed_demo_data" time="0.170" /><testcase classname="backend.tests.test_api.TestSeedAndDashboard" name="test_resources_list" time="0.116" /><testcase classname="backend.tests.test_api.TestSeedAndDashboard" name="test_milestones_list" time="0.116" /><testcase classname="backend.tests.test_api.TestSeedAndDashboard" name="test_stories_list" time="0.107" /><testcase classname="backend.tests.test_api.TestSprintsCRUD" name="test_create_sprint" time="0.470" /><testcase classname="backend.tests.test_api.TestSprintsCRUD" name="test_get_sprints_by_project" time="36.574" /><testcase classname="backend.tests.test_api.TestSprintsCRUD" name="test_update_sprint" time="0.616" /><testcase classname="backend.tests.test_api.TestSprintsCRUD" name="test_delete_sprint" time="0.580" /><testcase classname="backend.tests.test_api.TestSprintsCRUD" name="test_assign_story_to_sprint" time="0.858" /><testcase classname="backend.tests.test_api.TestResourcesCRUD" name="test_create_resource" time="0.111" /><testcase classname="backend.tests.test_api.TestResourcesCRUD" name="test_get_resources_list" time="0.122" /><testcase classname="backend.tests.test_api.TestResourcesCRUD" name="test_create_resource_minimal" time="0.124" /></testsuite></testsuites>